<?xml version="1.0" encoding="UTF-8"?>
<!-- Generated by org.testng.reporters.JUnitReportReporter -->
<testsuite hostname="DESKTOP-V9K624K" failures="0" tests="1" name="com.code.NewTest" time="0.000" errors="0" timestamp="09 Apr 2020 11:53:55 GMT" skipped="1">
  <testcase classname="com.code.NewTest" name="f" time="0.000">
    <skipped/>
  </testcase> <!-- f -->
</testsuite> <!-- com.code.NewTest -->
