<?xml version="1.0" encoding="UTF-8"?>
<!-- Generated by org.testng.reporters.JUnitReportReporter -->
<testsuite hostname="DESKTOP-V9K624K" failures="0" tests="2" name="com.code.ReadExcel" time="0.014" errors="0" timestamp="13 Apr 2020 08:01:13 GMT" skipped="0">
  <testcase classname="com.code.ReadExcel" name="test1" time="0.010"/>
  <testcase classname="com.code.ReadExcel" name="test1" time="0.004"/>
</testsuite> <!-- com.code.ReadExcel -->
